<?xml version="1.0" encoding="UTF-8"?>
<!-- Generated by org.testng.reporters.JUnitReportReporter -->
<testsuite hostname="EDM-LAPTOP" failures="0" tests="1" name="sample.Demo" time="0.011" errors="0" timestamp="2021-03-26T16:09:07 IST" skipped="0">
  <testcase classname="sample.Demo" name="test" time="0.011"/>
  <system-out>
sucess  </system-out>
</testsuite> <!-- sample.Demo -->
